1
2
2
3
3
3
3
3
4
11
12
12
12
12
12
12
14
14
15
16
16
16
16
17
19
19
20
21
21
24
25
25
25
25
27
28
28
28
28
28
27
26
28
28
30
32
33
36
37
37
37
38
38
38
38
38
38
39
40
41
41
44
44
44
47
48
48
48
49
49
49
51
51
51
54
57
57
57
57
57
57
57
59
63
63
63
64
64
65
65
65
65
66
66
68
68
68
68
68
67
67
67
67
67
68
68
67
66
66
66
65
65
65
65
67
65
65
65
65
65
65
65
65
70
71
71
71
71
71
72
71
71
71
71
71
73
73
75
75
74
72
73
72
73
73
73
73
73
73
71
68
71
71
70
73
73
75
75
76
76
76
76
76
78
78
77
77
81
81
81
82
84
84
85
86
86
86
86
87
87
87
86
87
87
87
91
92
92
92
93
93
94
95
94
95
95
95
95
95
97
97
97
99
98
101
104
104
105
108
108
109
109
109
109
109
109
109
110
111
111
111
112
112
111
113
113
110
110
110
110
110
111
110
110
111
112
113
117
118
120
119
120
120
121
122
122
123
123
123
122
122
122
122
123
123
123
123
123
124
123
123
121
125
126
127
127
127
127
127
127
127
127
127
127
128
129
129
129
131
130
132
131
131
134
134
134
134
